<?xml version="1.0" encoding="UTF-8"?>
<!-- Generated by org.testng.reporters.JUnitReportReporter -->
<testsuite hostname="MONPC01" failures="0" tests="3" name="tstng.Project_3.Extent" time="0.014" errors="0" timestamp="2024-04-03T04:12:20 CDT" skipped="0">
  <testcase classname="tstng.Project_3.Extent" name="test2" time="0.001"/>
  <system-out/>
  <testcase classname="tstng.Project_3.Extent" name="navigate_to_homepage" time="0.012"/>
  <system-out/>
  <testcase classname="tstng.Project_3.Extent" name="test1" time="0.001"/>
  <system-out/>
</testsuite> <!-- tstng.Project_3.Extent -->
